<?xml version="1.0" encoding="UTF-8"?>
<!-- Generated by org.testng.reporters.JUnitXMLReporter -->
<testsuite ignored="4" hostname="LTIN141012" failures="0" tests="5" name="Test" time="0.108" errors="0" timestamp="2022-03-24T23:15:26 IST">
  <testcase classname="com.BaseUD.BaseUd" name="@BeforeSuite driverSetup" time="0.02">
    <failure type="java.lang.NullPointerException" message="Cannot invoke &amp;quot;String.matches(String)&amp;quot; because the return value of &amp;quot;java.util.Properties.getProperty(String)&amp;quot; is null">
      <![CDATA[java.lang.NullPointerException: Cannot invoke "String.matches(String)" because the return value of "java.util.Properties.getProperty(String)" is null
at com.BaseUD.BaseUd.driverSetup(BaseUd.java:31)
... Removed 19 stack frames]]>
    </failure>
  </testcase> <!-- @BeforeSuite driverSetup -->
  <testcase classname="com.BaseUD.BaseUd" name="openUrl" time="0.0">
    <skipped/>
  </testcase> <!-- openUrl -->
  <testcase classname="com.BaseUD.BaseUd" name="openUrl" time="0.0">
    <skipped/>
  </testcase> <!-- openUrl -->
  <testcase classname="com.BookMyShowPage.SignIn" name="signin" time="0.0">
    <skipped/>
  </testcase> <!-- signin -->
  <testcase classname="com.BaseUD.BaseUd" name="openUrl" time="0.0">
    <skipped/>
  </testcase> <!-- openUrl -->
  <testcase classname="com.BookMyShowPage.FindSports" name="sports" time="0.0">
    <skipped/>
  </testcase> <!-- sports -->
  <testcase classname="com.BaseUD.BaseUd" name="@BeforeSuite driverSetup" time="0.0">
    <ignored/>
  </testcase> <!-- @BeforeSuite driverSetup -->
  <testcase classname="com.BaseUD.BaseUd" name="@BeforeSuite driverSetup" time="0.0">
    <ignored/>
  </testcase> <!-- @BeforeSuite driverSetup -->
  <testcase classname="com.BaseUD.BaseUd" name="@AfterSuite closeBrowser" time="0.0">
    <ignored/>
  </testcase> <!-- @AfterSuite closeBrowser -->
  <testcase classname="com.BaseUD.BaseUd" name="@AfterSuite closeBrowser" time="0.0">
    <ignored/>
  </testcase> <!-- @AfterSuite closeBrowser -->
</testsuite> <!-- Test -->
