<?xml version="1.0" encoding="UTF-8"?>
<!-- Generated by org.testng.reporters.JUnitXMLReporter -->
<testsuite ignored="6" hostname="LAPTOP-QAFUD8N4" failures="0" tests="13" name="FunctionalTesting" time="69.905" errors="0" timestamp="2022-04-21T18:15:02 IST">
  <testcase classname="com.BaseUD.BaseUd" name="openUrl" time="2.082"/>
  <testcase classname="com.BaseUD.BaseUd" name="openUrl" time="1.266"/>
  <testcase classname="com.BookMyShowPage.FindSports" name="cancelPopUp" time="4.6"/>
  <testcase classname="com.BookMyShowPage.FindSports" name="selectCity" time="1.246"/>
  <testcase classname="com.BookMyShowPage.FindSports" name="selectSportPage" time="0.728"/>
  <testcase classname="com.BookMyShowPage.FindSports" name="selectWeekend" time="0.193"/>
  <testcase classname="com.BookMyShowPage.FindSports" name="selectPrice" time="0.398"/>
  <testcase classname="com.BookMyShowPage.FindSports" name="sortedSportsList" time="54.133"/>
  <testcase classname="com.BaseUD.BaseUd" name="openUrl" time="2.035"/>
  <testcase classname="com.BookMyShowPage.Movies" name="selectMoviePage" time="0.502"/>
  <testcase classname="com.BookMyShowPage.Movies" name="extractMovieLang" time="0.845"/>
  <testcase classname="com.BaseUD.BaseUd" name="openUrl" time="0.919"/>
  <testcase classname="com.BookMyShowPage.SignIn" name="selectSignin" time="0.901"/>
  <testcase classname="com.BaseUD.BaseUd" name="@BeforeSuite driverSetup" time="0.0">
    <ignored/>
  </testcase> <!-- @BeforeSuite driverSetup -->
  <testcase classname="com.BaseUD.BaseUd" name="@AfterSuite closeBrowser" time="0.0">
    <ignored/>
  </testcase> <!-- @AfterSuite closeBrowser -->
  <testcase classname="com.BaseUD.BaseUd" name="@BeforeSuite driverSetup" time="0.0">
    <ignored/>
  </testcase> <!-- @BeforeSuite driverSetup -->
  <testcase classname="com.BaseUD.BaseUd" name="@AfterSuite closeBrowser" time="0.0">
    <ignored/>
  </testcase> <!-- @AfterSuite closeBrowser -->
  <testcase classname="com.BaseUD.BaseUd" name="@BeforeSuite driverSetup" time="0.0">
    <ignored/>
  </testcase> <!-- @BeforeSuite driverSetup -->
  <testcase classname="com.BaseUD.BaseUd" name="@AfterSuite closeBrowser" time="0.0">
    <ignored/>
  </testcase> <!-- @AfterSuite closeBrowser -->
</testsuite> <!-- FunctionalTesting -->
